<?xml version="1.0" encoding="UTF-8"?>
<!-- Generated by org.testng.reporters.JUnitReportReporter -->
<testsuite hostname="LAPTOP-MB7DGVQG" failures="0" tests="2" name="home.home" time="4.767" errors="0" timestamp="2024-05-26T17:47:33 IST" skipped="0">
  <testcase classname="home.home" name="f" time="2.640"/>
  <testcase classname="home.home" name="revertTest" time="2.127"/>
</testsuite> <!-- home.home -->
