<?xml version="1.0" encoding="UTF-8"?>
<!-- Generated by org.testng.reporters.JUnitReportReporter -->
<testsuite hostname="LAPTOP-MB7DGVQG" failures="0" tests="1" name="search.SearchTest" time="6.645" errors="0" timestamp="2024-05-26T18:45:42 IST" skipped="0">
  <testcase classname="search.SearchTest" name="f" time="6.645"/>
</testsuite> <!-- search.SearchTest -->
