<?xml version="1.0" encoding="UTF-8"?>
<!-- Generated by org.testng.reporters.JUnitReportReporter -->
<testsuite hostname="LAPTOP-MB7DGVQG" failures="0" tests="4" name="home.home" time="5.730" errors="0" timestamp="2024-05-26T18:45:42 IST" skipped="0">
  <testcase classname="home.home" name="readPropertiesData" time="0.001"/>
  <testcase classname="home.home" name="readExcelData1" time="0.712"/>
  <testcase classname="home.home" name="revertTest" time="2.087"/>
  <testcase classname="home.home" name="f" time="2.930"/>
</testsuite> <!-- home.home -->
